[debug] [2025-11-22T09:33:33.388Z] ----------------------------------------------------------------------
[debug] [2025-11-22T09:33:33.397Z] Command:       /usr/local/bin/node /usr/local/bin/firebase emulators:start --only auth
[debug] [2025-11-22T09:33:33.398Z] CLI Version:   14.7.0
[debug] [2025-11-22T09:33:33.398Z] Platform:      linux
[debug] [2025-11-22T09:33:33.398Z] Node Version:  v20.11.0
[debug] [2025-11-22T09:33:33.398Z] Time:          Sat Nov 22 2025 09:33:33 GMT+0000 (Coordinated Universal Time)
[debug] [2025-11-22T09:33:33.398Z] ----------------------------------------------------------------------
[debug] 
[debug] [2025-11-22T09:33:33.400Z] >>> [apiv2][query] GET https://firebase-public.firebaseio.com/cli.json [none]
[debug] [2025-11-22T09:33:33.577Z] Object "" in "firebase.json" has unknown property: {"additionalProperty":"projectId"}
[debug] [2025-11-22T09:33:33.583Z] > command requires scopes: ["email","openid","https://www.googleapis.com/auth/cloudplatformprojects.readonly","https://www.googleapis.com/auth/firebase","https://www.googleapis.com/auth/cloud-platform"]
[debug] Failed to authenticate, have you run firebase login?
[warn] ⚠  emulators: You are not currently authenticated so some features may not work correctly. Please run firebase login to authenticate the CLI. 
[info] i  emulators: Starting emulators: auth {"metadata":{"emulator":{"name":"hub"},"message":"Starting emulators: auth"}}
[debug] [2025-11-22T09:33:33.603Z] [logging] Logging Emulator only supports listening on one address (127.0.0.1). Not listening on ::1
[debug] [2025-11-22T09:33:33.603Z] assigned listening specs for emulators {"user":{"ui":[{"address":"0.0.0.0","family":"IPv4","port":4000}],"auth":[{"address":"0.0.0.0","family":"IPv4","port":9099}],"hub":[{"address":"127.0.0.1","family":"IPv4","port":4400},{"address":"::1","family":"IPv6","port":4400}],"logging":[{"address":"127.0.0.1","family":"IPv4","port":4500}]},"metadata":{"message":"assigned listening specs for emulators"}}
[debug] [2025-11-22T09:33:33.606Z] [hub] writing locator at /tmp/hub-kicake-dev.json
[info] i  ui: downloading ui-v1.15.0.zip... {"metadata":{"emulator":{"name":"ui"},"message":"downloading ui-v1.15.0.zip..."}}
[debug] [2025-11-22T09:33:38.660Z] >>> [apiv2][query] GET https://storage.googleapis.com/firebase-preview-drop/emulator/ui-v1.15.0.zip 
[debug] [2025-11-22T09:33:38.837Z] <<< [apiv2][status] GET https://storage.googleapis.com/firebase-preview-drop/emulator/ui-v1.15.0.zip 200
[debug] [2025-11-22T09:33:38.838Z] <<< [apiv2][body] GET https://storage.googleapis.com/firebase-preview-drop/emulator/ui-v1.15.0.zip [stream]
[debug] [2025-11-22T09:33:39.203Z] <<< [apiv2][status] GET https://firebase-public.firebaseio.com/cli.json 200
[debug] [2025-11-22T09:33:39.203Z] <<< [apiv2][body] GET https://firebase-public.firebaseio.com/cli.json {"cloudBuildErrorAfter":1594252800000,"cloudBuildWarnAfter":1590019200000,"defaultNode10After":1594252800000,"minVersion":"3.0.5","node8DeploysDisabledAfter":1613390400000,"node8RuntimeDisabledAfter":1615809600000,"node8WarnAfter":1600128000000}
[debug] [2025-11-22T09:33:39.943Z] Data is 3538469
[debug] [2025-11-22T09:33:39.943Z] [unzip] Entry: client/ (compressed_size=0 bytes, uncompressed_size=0 bytes)
[debug] [2025-11-22T09:33:39.943Z] [unzip] Processing entry: client/
[debug] [2025-11-22T09:33:39.943Z] [unzip] mkdir: /root/.cache/firebase/emulators/ui-v1.15.0/client/
[debug] [2025-11-22T09:33:39.944Z] [unzip] Entry: client/favicon-16x16.png (compressed_size=293 bytes, uncompressed_size=293 bytes)
[debug] [2025-11-22T09:33:39.944Z] [unzip] Processing entry: client/favicon-16x16.png
[debug] [2025-11-22T09:33:39.944Z] [unzip] else mkdir: /root/.cache/firebase/emulators/ui-v1.15.0/client
[debug] [2025-11-22T09:33:39.944Z] [unzip] Writing file: /root/.cache/firebase/emulators/ui-v1.15.0/client/favicon-16x16.png
[debug] [2025-11-22T09:33:39.945Z] [unzip] Entry: client/safari-pinned-tab.svg (compressed_size=1433 bytes, uncompressed_size=2611 bytes)
[debug] [2025-11-22T09:33:39.945Z] [unzip] Processing entry: client/safari-pinned-tab.svg
[debug] [2025-11-22T09:33:39.945Z] [unzip] else mkdir: /root/.cache/firebase/emulators/ui-v1.15.0/client
[debug] [2025-11-22T09:33:39.945Z] [unzip] deflating: /root/.cache/firebase/emulators/ui-v1.15.0/client/safari-pinned-tab.svg
[debug] [2025-11-22T09:33:39.948Z] [unzip] Entry: client/favicon.ico (compressed_size=2933 bytes, uncompressed_size=13294 bytes)
[debug] [2025-11-22T09:33:39.948Z] [unzip] Processing entry: client/favicon.ico
[debug] [2025-11-22T09:33:39.948Z] [unzip] else mkdir: /root/.cache/firebase/emulators/ui-v1.15.0/client
[debug] [2025-11-22T09:33:39.948Z] [unzip] deflating: /root/.cache/firebase/emulators/ui-v1.15.0/client/favicon.ico
[debug] [2025-11-22T09:33:39.949Z] [unzip] Entry: client/index.html (compressed_size=1364 bytes, uncompressed_size=3071 bytes)
[debug] [2025-11-22T09:33:39.949Z] [unzip] Processing entry: client/index.html
[debug] [2025-11-22T09:33:39.949Z] [unzip] else mkdir: /root/.cache/firebase/emulators/ui-v1.15.0/client
[debug] [2025-11-22T09:33:39.949Z] [unzip] deflating: /root/.cache/firebase/emulators/ui-v1.15.0/client/index.html
[debug] [2025-11-22T09:33:39.950Z] [unzip] Entry: client/android-chrome-192x192.png (compressed_size=2684 bytes, uncompressed_size=2684 bytes)
[debug] [2025-11-22T09:33:39.950Z] [unzip] Processing entry: client/android-chrome-192x192.png
[debug] [2025-11-22T09:33:39.950Z] [unzip] else mkdir: /root/.cache/firebase/emulators/ui-v1.15.0/client
[debug] [2025-11-22T09:33:39.950Z] [unzip] Writing file: /root/.cache/firebase/emulators/ui-v1.15.0/client/android-chrome-192x192.png
[debug] [2025-11-22T09:33:39.951Z] [unzip] Entry: client/apple-touch-icon.png (compressed_size=2123 bytes, uncompressed_size=2152 bytes)
[debug] [2025-11-22T09:33:39.951Z] [unzip] Processing entry: client/apple-touch-icon.png
[debug] [2025-11-22T09:33:39.951Z] [unzip] else mkdir: /root/.cache/firebase/emulators/ui-v1.15.0/client
[debug] [2025-11-22T09:33:39.951Z] [unzip] deflating: /root/.cache/firebase/emulators/ui-v1.15.0/client/apple-touch-icon.png
[debug] [2025-11-22T09:33:39.951Z] [unzip] Entry: client/android-chrome-512x512.png (compressed_size=5369 bytes, uncompressed_size=5411 bytes)
[debug] [2025-11-22T09:33:39.952Z] [unzip] Processing entry: client/android-chrome-512x512.png
[debug] [2025-11-22T09:33:39.952Z] [unzip] else mkdir: /root/.cache/firebase/emulators/ui-v1.15.0/client
[debug] [2025-11-22T09:33:39.952Z] [unzip] deflating: /root/.cache/firebase/emulators/ui-v1.15.0/client/android-chrome-512x512.png
[debug] [2025-11-22T09:33:39.952Z] [unzip] Entry: client/manifest.json (compressed_size=245 bytes, uncompressed_size=551 bytes)
[debug] [2025-11-22T09:33:39.953Z] [unzip] Processing entry: client/manifest.json
[debug] [2025-11-22T09:33:39.953Z] [unzip] else mkdir: /root/.cache/firebase/emulators/ui-v1.15.0/client
[debug] [2025-11-22T09:33:39.953Z] [unzip] deflating: /root/.cache/firebase/emulators/ui-v1.15.0/client/manifest.json
[debug] [2025-11-22T09:33:39.954Z] [unzip] Entry: client/robots.txt (compressed_size=26 bytes, uncompressed_size=26 bytes)
[debug] [2025-11-22T09:33:39.954Z] [unzip] Processing entry: client/robots.txt
[debug] [2025-11-22T09:33:39.954Z] [unzip] else mkdir: /root/.cache/firebase/emulators/ui-v1.15.0/client
[debug] [2025-11-22T09:33:39.954Z] [unzip] Writing file: /root/.cache/firebase/emulators/ui-v1.15.0/client/robots.txt
[debug] [2025-11-22T09:33:39.955Z] [unzip] Entry: client/mstile-150x150.png (compressed_size=2034 bytes, uncompressed_size=2034 bytes)
[debug] [2025-11-22T09:33:39.955Z] [unzip] Processing entry: client/mstile-150x150.png
[debug] [2025-11-22T09:33:39.955Z] [unzip] else mkdir: /root/.cache/firebase/emulators/ui-v1.15.0/client
[debug] [2025-11-22T09:33:39.955Z] [unzip] Writing file: /root/.cache/firebase/emulators/ui-v1.15.0/client/mstile-150x150.png
[debug] [2025-11-22T09:33:39.955Z] [unzip] Entry: client/assets/ (compressed_size=0 bytes, uncompressed_size=0 bytes)
[debug] [2025-11-22T09:33:39.955Z] [unzip] Processing entry: client/assets/
[debug] [2025-11-22T09:33:39.955Z] [unzip] mkdir: /root/.cache/firebase/emulators/ui-v1.15.0/client/assets/
[debug] [2025-11-22T09:33:39.955Z] [unzip] Entry: client/assets/index-BX-A56oj.js (compressed_size=582089 bytes, uncompressed_size=2092775 bytes)
[debug] [2025-11-22T09:33:39.956Z] [unzip] Processing entry: client/assets/index-BX-A56oj.js
[debug] [2025-11-22T09:33:39.956Z] [unzip] else mkdir: /root/.cache/firebase/emulators/ui-v1.15.0/client/assets
[debug] [2025-11-22T09:33:39.956Z] [unzip] deflating: /root/.cache/firebase/emulators/ui-v1.15.0/client/assets/index-BX-A56oj.js
[debug] [2025-11-22T09:33:39.970Z] [unzip] Entry: client/assets/index-CjB9C900.css (compressed_size=35979 bytes, uncompressed_size=298654 bytes)
[debug] [2025-11-22T09:33:39.971Z] [unzip] Processing entry: client/assets/index-CjB9C900.css
[debug] [2025-11-22T09:33:39.971Z] [unzip] else mkdir: /root/.cache/firebase/emulators/ui-v1.15.0/client/assets
[debug] [2025-11-22T09:33:39.971Z] [unzip] deflating: /root/.cache/firebase/emulators/ui-v1.15.0/client/assets/index-CjB9C900.css
[debug] [2025-11-22T09:33:39.973Z] [unzip] Entry: client/assets/index-BX-A56oj.js.map (compressed_size=2362482 bytes, uncompressed_size=10036679 bytes)
[debug] [2025-11-22T09:33:39.973Z] [unzip] Processing entry: client/assets/index-BX-A56oj.js.map
[debug] [2025-11-22T09:33:39.973Z] [unzip] else mkdir: /root/.cache/firebase/emulators/ui-v1.15.0/client/assets
[debug] [2025-11-22T09:33:39.974Z] [unzip] deflating: /root/.cache/firebase/emulators/ui-v1.15.0/client/assets/index-BX-A56oj.js.map
[debug] [2025-11-22T09:33:40.044Z] [unzip] Entry: client/assets/extensions/ (compressed_size=0 bytes, uncompressed_size=0 bytes)
[debug] [2025-11-22T09:33:40.044Z] [unzip] Processing entry: client/assets/extensions/
[debug] [2025-11-22T09:33:40.045Z] [unzip] mkdir: /root/.cache/firebase/emulators/ui-v1.15.0/client/assets/extensions/
[debug] [2025-11-22T09:33:40.045Z] [unzip] Entry: client/assets/extensions/default-extension.png (compressed_size=1646 bytes, uncompressed_size=1657 bytes)
[debug] [2025-11-22T09:33:40.045Z] [unzip] Processing entry: client/assets/extensions/default-extension.png
[debug] [2025-11-22T09:33:40.045Z] [unzip] else mkdir: /root/.cache/firebase/emulators/ui-v1.15.0/client/assets/extensions
[debug] [2025-11-22T09:33:40.046Z] [unzip] deflating: /root/.cache/firebase/emulators/ui-v1.15.0/client/assets/extensions/default-extension.png
[debug] [2025-11-22T09:33:40.047Z] [unzip] Entry: client/assets/img/ (compressed_size=0 bytes, uncompressed_size=0 bytes)
[debug] [2025-11-22T09:33:40.047Z] [unzip] Processing entry: client/assets/img/
[debug] [2025-11-22T09:33:40.047Z] [unzip] mkdir: /root/.cache/firebase/emulators/ui-v1.15.0/client/assets/img/
[debug] [2025-11-22T09:33:40.047Z] [unzip] Entry: client/assets/img/database.png (compressed_size=29449 bytes, uncompressed_size=29988 bytes)
[debug] [2025-11-22T09:33:40.047Z] [unzip] Processing entry: client/assets/img/database.png
[debug] [2025-11-22T09:33:40.047Z] [unzip] else mkdir: /root/.cache/firebase/emulators/ui-v1.15.0/client/assets/img
[debug] [2025-11-22T09:33:40.047Z] [unzip] deflating: /root/.cache/firebase/emulators/ui-v1.15.0/client/assets/img/database.png
[debug] [2025-11-22T09:33:40.048Z] [unzip] Entry: client/assets/provider-icons/ (compressed_size=0 bytes, uncompressed_size=0 bytes)
[debug] [2025-11-22T09:33:40.048Z] [unzip] Processing entry: client/assets/provider-icons/
[debug] [2025-11-22T09:33:40.048Z] [unzip] mkdir: /root/.cache/firebase/emulators/ui-v1.15.0/client/assets/provider-icons/
[debug] [2025-11-22T09:33:40.048Z] [unzip] Entry: client/assets/provider-icons/auth_service_saml.svg (compressed_size=575 bytes, uncompressed_size=1226 bytes)
[debug] [2025-11-22T09:33:40.048Z] [unzip] Processing entry: client/assets/provider-icons/auth_service_saml.svg
[debug] [2025-11-22T09:33:40.048Z] [unzip] else mkdir: /root/.cache/firebase/emulators/ui-v1.15.0/client/assets/provider-icons
[debug] [2025-11-22T09:33:40.049Z] [unzip] deflating: /root/.cache/firebase/emulators/ui-v1.15.0/client/assets/provider-icons/auth_service_saml.svg
[debug] [2025-11-22T09:33:40.049Z] [unzip] Entry: client/assets/provider-icons/auth_service_phone.svg (compressed_size=261 bytes, uncompressed_size=414 bytes)
[debug] [2025-11-22T09:33:40.049Z] [unzip] Processing entry: client/assets/provider-icons/auth_service_phone.svg
[debug] [2025-11-22T09:33:40.049Z] [unzip] else mkdir: /root/.cache/firebase/emulators/ui-v1.15.0/client/assets/provider-icons
[debug] [2025-11-22T09:33:40.049Z] [unzip] deflating: /root/.cache/firebase/emulators/ui-v1.15.0/client/assets/provider-icons/auth_service_phone.svg
[debug] [2025-11-22T09:33:40.050Z] [unzip] Entry: client/assets/provider-icons/auth_service_facebook.svg (compressed_size=289 bytes, uncompressed_size=457 bytes)
[debug] [2025-11-22T09:33:40.050Z] [unzip] Processing entry: client/assets/provider-icons/auth_service_facebook.svg
[debug] [2025-11-22T09:33:40.050Z] [unzip] else mkdir: /root/.cache/firebase/emulators/ui-v1.15.0/client/assets/provider-icons
[debug] [2025-11-22T09:33:40.050Z] [unzip] deflating: /root/.cache/firebase/emulators/ui-v1.15.0/client/assets/provider-icons/auth_service_facebook.svg
[debug] [2025-11-22T09:33:40.050Z] [unzip] Entry: client/assets/provider-icons/auth_service_game_center.svg (compressed_size=991 bytes, uncompressed_size=3921 bytes)
[debug] [2025-11-22T09:33:40.051Z] [unzip] Processing entry: client/assets/provider-icons/auth_service_game_center.svg
[debug] [2025-11-22T09:33:40.051Z] [unzip] else mkdir: /root/.cache/firebase/emulators/ui-v1.15.0/client/assets/provider-icons
[debug] [2025-11-22T09:33:40.051Z] [unzip] deflating: /root/.cache/firebase/emulators/ui-v1.15.0/client/assets/provider-icons/auth_service_game_center.svg
[debug] [2025-11-22T09:33:40.051Z] [unzip] Entry: client/assets/provider-icons/auth_service_apple.svg (compressed_size=230 bytes, uncompressed_size=334 bytes)
[debug] [2025-11-22T09:33:40.051Z] [unzip] Processing entry: client/assets/provider-icons/auth_service_apple.svg
[debug] [2025-11-22T09:33:40.051Z] [unzip] else mkdir: /root/.cache/firebase/emulators/ui-v1.15.0/client/assets/provider-icons
[debug] [2025-11-22T09:33:40.051Z] [unzip] deflating: /root/.cache/firebase/emulators/ui-v1.15.0/client/assets/provider-icons/auth_service_apple.svg
[debug] [2025-11-22T09:33:40.052Z] [unzip] Entry: client/assets/provider-icons/auth_service_github.svg (compressed_size=466 bytes, uncompressed_size=838 bytes)
[debug] [2025-11-22T09:33:40.052Z] [unzip] Processing entry: client/assets/provider-icons/auth_service_github.svg
[debug] [2025-11-22T09:33:40.052Z] [unzip] else mkdir: /root/.cache/firebase/emulators/ui-v1.15.0/client/assets/provider-icons
[debug] [2025-11-22T09:33:40.052Z] [unzip] deflating: /root/.cache/firebase/emulators/ui-v1.15.0/client/assets/provider-icons/auth_service_github.svg
[debug] [2025-11-22T09:33:40.052Z] [unzip] Entry: client/assets/provider-icons/auth_service_mslive.svg (compressed_size=203 bytes, uncompressed_size=378 bytes)
[debug] [2025-11-22T09:33:40.052Z] [unzip] Processing entry: client/assets/provider-icons/auth_service_mslive.svg
[debug] [2025-11-22T09:33:40.052Z] [unzip] else mkdir: /root/.cache/firebase/emulators/ui-v1.15.0/client/assets/provider-icons
[debug] [2025-11-22T09:33:40.053Z] [unzip] deflating: /root/.cache/firebase/emulators/ui-v1.15.0/client/assets/provider-icons/auth_service_mslive.svg
[debug] [2025-11-22T09:33:40.053Z] [unzip] Entry: client/assets/provider-icons/auth_service_yahoo.svg (compressed_size=577 bytes, uncompressed_size=1182 bytes)
[debug] [2025-11-22T09:33:40.053Z] [unzip] Processing entry: client/assets/provider-icons/auth_service_yahoo.svg
[debug] [2025-11-22T09:33:40.053Z] [unzip] else mkdir: /root/.cache/firebase/emulators/ui-v1.15.0/client/assets/provider-icons
[debug] [2025-11-22T09:33:40.054Z] [unzip] deflating: /root/.cache/firebase/emulators/ui-v1.15.0/client/assets/provider-icons/auth_service_yahoo.svg
[debug] [2025-11-22T09:33:40.054Z] [unzip] Entry: client/assets/provider-icons/auth_service_twitter.svg (compressed_size=444 bytes, uncompressed_size=751 bytes)
[debug] [2025-11-22T09:33:40.054Z] [unzip] Processing entry: client/assets/provider-icons/auth_service_twitter.svg
[debug] [2025-11-22T09:33:40.054Z] [unzip] else mkdir: /root/.cache/firebase/emulators/ui-v1.15.0/client/assets/provider-icons
[debug] [2025-11-22T09:33:40.054Z] [unzip] deflating: /root/.cache/firebase/emulators/ui-v1.15.0/client/assets/provider-icons/auth_service_twitter.svg
[debug] [2025-11-22T09:33:40.055Z] [unzip] Entry: client/assets/provider-icons/auth_service_play_games.svg (compressed_size=565 bytes, uncompressed_size=1173 bytes)
[debug] [2025-11-22T09:33:40.055Z] [unzip] Processing entry: client/assets/provider-icons/auth_service_play_games.svg
[debug] [2025-11-22T09:33:40.055Z] [unzip] else mkdir: /root/.cache/firebase/emulators/ui-v1.15.0/client/assets/provider-icons
[debug] [2025-11-22T09:33:40.055Z] [unzip] deflating: /root/.cache/firebase/emulators/ui-v1.15.0/client/assets/provider-icons/auth_service_play_games.svg
[debug] [2025-11-22T09:33:40.056Z] [unzip] Entry: client/assets/provider-icons/auth_service_email.svg (compressed_size=228 bytes, uncompressed_size=326 bytes)
[debug] [2025-11-22T09:33:40.056Z] [unzip] Processing entry: client/assets/provider-icons/auth_service_email.svg
[debug] [2025-11-22T09:33:40.056Z] [unzip] else mkdir: /root/.cache/firebase/emulators/ui-v1.15.0/client/assets/provider-icons
[debug] [2025-11-22T09:33:40.056Z] [unzip] deflating: /root/.cache/firebase/emulators/ui-v1.15.0/client/assets/provider-icons/auth_service_email.svg
[debug] [2025-11-22T09:33:40.056Z] [unzip] Entry: client/assets/provider-icons/auth_service_google.svg (compressed_size=409 bytes, uncompressed_size=720 bytes)
[debug] [2025-11-22T09:33:40.056Z] [unzip] Processing entry: client/assets/provider-icons/auth_service_google.svg
[debug] [2025-11-22T09:33:40.056Z] [unzip] else mkdir: /root/.cache/firebase/emulators/ui-v1.15.0/client/assets/provider-icons
[debug] [2025-11-22T09:33:40.057Z] [unzip] deflating: /root/.cache/firebase/emulators/ui-v1.15.0/client/assets/provider-icons/auth_service_google.svg
[debug] [2025-11-22T09:33:40.057Z] [unzip] Entry: client/assets/provider-icons/auth_service_oidc.svg (compressed_size=414 bytes, uncompressed_size=858 bytes)
[debug] [2025-11-22T09:33:40.057Z] [unzip] Processing entry: client/assets/provider-icons/auth_service_oidc.svg
[debug] [2025-11-22T09:33:40.057Z] [unzip] else mkdir: /root/.cache/firebase/emulators/ui-v1.15.0/client/assets/provider-icons
[debug] [2025-11-22T09:33:40.057Z] [unzip] deflating: /root/.cache/firebase/emulators/ui-v1.15.0/client/assets/provider-icons/auth_service_oidc.svg
[debug] [2025-11-22T09:33:40.058Z] [unzip] Entry: client/browserconfig.xml (compressed_size=491 bytes, uncompressed_size=822 bytes)
[debug] [2025-11-22T09:33:40.058Z] [unzip] Processing entry: client/browserconfig.xml
[debug] [2025-11-22T09:33:40.058Z] [unzip] else mkdir: /root/.cache/firebase/emulators/ui-v1.15.0/client
[debug] [2025-11-22T09:33:40.058Z] [unzip] deflating: /root/.cache/firebase/emulators/ui-v1.15.0/client/browserconfig.xml
[debug] [2025-11-22T09:33:40.058Z] [unzip] Entry: client/favicon-32x32.png (compressed_size=475 bytes, uncompressed_size=475 bytes)
[debug] [2025-11-22T09:33:40.058Z] [unzip] Processing entry: client/favicon-32x32.png
[debug] [2025-11-22T09:33:40.058Z] [unzip] else mkdir: /root/.cache/firebase/emulators/ui-v1.15.0/client
[debug] [2025-11-22T09:33:40.058Z] [unzip] Writing file: /root/.cache/firebase/emulators/ui-v1.15.0/client/favicon-32x32.png
[debug] [2025-11-22T09:33:40.059Z] [unzip] Entry: server/ (compressed_size=0 bytes, uncompressed_size=0 bytes)
[debug] [2025-11-22T09:33:40.059Z] [unzip] Processing entry: server/
[debug] [2025-11-22T09:33:40.059Z] [unzip] mkdir: /root/.cache/firebase/emulators/ui-v1.15.0/server/
[debug] [2025-11-22T09:33:40.059Z] [unzip] Entry: server/server.mjs.map (compressed_size=217845 bytes, uncompressed_size=944978 bytes)
[debug] [2025-11-22T09:33:40.059Z] [unzip] Processing entry: server/server.mjs.map
[debug] [2025-11-22T09:33:40.059Z] [unzip] else mkdir: /root/.cache/firebase/emulators/ui-v1.15.0/server
[debug] [2025-11-22T09:33:40.059Z] [unzip] deflating: /root/.cache/firebase/emulators/ui-v1.15.0/server/server.mjs.map
[debug] [2025-11-22T09:33:40.065Z] [unzip] Entry: server/server.mjs (compressed_size=276407 bytes, uncompressed_size=933701 bytes)
[debug] [2025-11-22T09:33:40.065Z] [unzip] Processing entry: server/server.mjs
[debug] [2025-11-22T09:33:40.065Z] [unzip] else mkdir: /root/.cache/firebase/emulators/ui-v1.15.0/server
[debug] [2025-11-22T09:33:40.065Z] [unzip] deflating: /root/.cache/firebase/emulators/ui-v1.15.0/server/server.mjs
[debug] [2025-11-22T09:33:40.073Z] Could not find VSCode notification endpoint: FetchError: request to http://localhost:40001/vscode/notify failed, reason: connect ECONNREFUSED 127.0.0.1:40001. If you are not running the Firebase Data Connect VSCode extension, this is expected and not an issue.
[info] 
┌─────────────────────────────────────────────────────────────┐
│ ✔  All emulators ready! It is now safe to connect your app. │
│ i  View Emulator UI at http://127.0.0.1:4000/               │
└─────────────────────────────────────────────────────────────┘

┌────────────────┬──────────────┬────────────────────────────┐
│ Emulator       │ Host:Port    │ View in Emulator UI        │
├────────────────┼──────────────┼────────────────────────────┤
│ Authentication │ 0.0.0.0:9099 │ http://127.0.0.1:4000/auth │
└────────────────┴──────────────┴────────────────────────────┘
  Emulator Hub host: 127.0.0.1 port: 4400
  Other reserved ports: 4500

Issues? Report them at https://github.com/firebase/firebase-tools/issues and attach the *-debug.log files.
 
